0 info it worked if it ends with ok
1 verbose cli [ 'node', '/usr/local/bin/npm', 'update', '-g', 'bower' ]
2 info using npm@1.4.28
3 info using node@v0.10.33
4 verbose request where is /bower
5 verbose request registry http://registry.npmjs.org/
6 verbose request id f8c81c2f53602fb9
7 verbose url raw /bower
8 verbose url resolving [ 'http://registry.npmjs.org/', './bower' ]
9 verbose url resolved http://registry.npmjs.org/bower
10 verbose request where is http://registry.npmjs.org/bower
11 info trying registry request attempt 1 at 21:50:51
12 verbose etag "C12JMC9G79TWNC34CQEASETHJ"
13 http GET http://registry.npmjs.org/bower
14 http 200 http://registry.npmjs.org/bower
15 silly registry.get cb [ 200,
15 silly registry.get   { server: 'CouchDB/1.5.0 (Erlang OTP/R16B03)',
15 silly registry.get     etag: '"BXLVC6YFMAF1Y3BI9XE5HNI2Y"',
15 silly registry.get     'content-type': 'application/json',
15 silly registry.get     'cache-control': 'max-age=60',
15 silly registry.get     'content-length': '111531',
15 silly registry.get     'accept-ranges': 'bytes',
15 silly registry.get     date: 'Sun, 05 Apr 2015 19:50:51 GMT',
15 silly registry.get     via: '1.1 varnish',
15 silly registry.get     age: '59',
15 silly registry.get     connection: 'keep-alive',
15 silly registry.get     'x-served-by': 'cache-fra1245-FRA',
15 silly registry.get     'x-cache': 'HIT',
15 silly registry.get     'x-cache-hits': '1',
15 silly registry.get     'x-timer': 'S1428263451.413505,VS0,VE0',
15 silly registry.get     vary: 'Accept' } ]
16 info outdated updating [ [ '/usr/local/lib', 'bower', '1.3.12', '1.4.1', '1.4.1', 'latest' ] ]
17 verbose install where,what [ '/usr/local/lib', [ 'bower@1.4.1' ] ]
18 verbose cache add [ 'bower@1.4.1', null ]
19 verbose cache add name=undefined spec="bower@1.4.1" args=["bower@1.4.1",null]
20 verbose parsed url { protocol: null,
20 verbose parsed url   slashes: null,
20 verbose parsed url   auth: null,
20 verbose parsed url   host: null,
20 verbose parsed url   port: null,
20 verbose parsed url   hostname: null,
20 verbose parsed url   hash: null,
20 verbose parsed url   search: null,
20 verbose parsed url   query: null,
20 verbose parsed url   pathname: 'bower@1.4.1',
20 verbose parsed url   path: 'bower@1.4.1',
20 verbose parsed url   href: 'bower@1.4.1' }
21 verbose cache add name="bower" spec="1.4.1" args=["bower","1.4.1"]
22 verbose parsed url { protocol: null,
22 verbose parsed url   slashes: null,
22 verbose parsed url   auth: null,
22 verbose parsed url   host: null,
22 verbose parsed url   port: null,
22 verbose parsed url   hostname: null,
22 verbose parsed url   hash: null,
22 verbose parsed url   search: null,
22 verbose parsed url   query: null,
22 verbose parsed url   pathname: '1.4.1',
22 verbose parsed url   path: '1.4.1',
22 verbose parsed url   href: '1.4.1' }
23 verbose addNamed [ 'bower', '1.4.1' ]
24 verbose addNamed [ '1.4.1', '1.4.1' ]
25 silly lockFile 185f46c0-bower-1-4-1 bower@1.4.1
26 verbose lock bower@1.4.1 /Users/leinonen/.npm/185f46c0-bower-1-4-1.lock
27 verbose registry.get http://registry.npmjs.org/bower not expired, no request
28 silly lockFile 1570c89a--npmjs-org-bower-bower-1-4-1-tgz http://registry.npmjs.org/bower/-/bower-1.4.1.tgz
29 verbose lock http://registry.npmjs.org/bower/-/bower-1.4.1.tgz /Users/leinonen/.npm/1570c89a--npmjs-org-bower-bower-1-4-1-tgz.lock
30 verbose addRemoteTarball [ 'http://registry.npmjs.org/bower/-/bower-1.4.1.tgz',
30 verbose addRemoteTarball   'a18be39d030792754f30f1c5b32d37b0156ba8dd' ]
31 info retry fetch attempt 1 at 21:50:51
32 verbose fetch to= /var/folders/2z/mf0r16t910s4sh1lmcgktdf00000gn/T/npm-1744-vLJ1umi8/registry.npmjs.org/bower/-/bower-1.4.1.tgz
33 http GET http://registry.npmjs.org/bower/-/bower-1.4.1.tgz
34 http 200 http://registry.npmjs.org/bower/-/bower-1.4.1.tgz
35 silly lockFile 1570c89a--npmjs-org-bower-bower-1-4-1-tgz http://registry.npmjs.org/bower/-/bower-1.4.1.tgz
36 silly lockFile 1570c89a--npmjs-org-bower-bower-1-4-1-tgz http://registry.npmjs.org/bower/-/bower-1.4.1.tgz
37 silly lockFile 185f46c0-bower-1-4-1 bower@1.4.1
38 silly lockFile 185f46c0-bower-1-4-1 bower@1.4.1
39 error Error: EACCES, mkdir '/Users/leinonen/.npm/bower/1.4.1'
39 error  { [Error: EACCES, mkdir '/Users/leinonen/.npm/bower/1.4.1']
39 error   errno: 3,
39 error   code: 'EACCES',
39 error   path: '/Users/leinonen/.npm/bower/1.4.1' }
40 error Please try running this command again as root/Administrator.
41 error System Darwin 14.1.0
42 error command "node" "/usr/local/bin/npm" "update" "-g" "bower"
43 error cwd /Users/leinonen/code/storebror
44 error node -v v0.10.33
45 error npm -v 1.4.28
46 error path /Users/leinonen/.npm/bower/1.4.1
47 error code EACCES
48 error errno 3
49 error stack Error: EACCES, mkdir '/Users/leinonen/.npm/bower/1.4.1'
50 verbose exit [ 3, true ]
